<?xml version="1.0" encoding="UTF-8"?>
<!-- Generated by org.testng.reporters.JUnitXMLReporter -->
<testsuite ignored="20" hostname="DESKTOP-BIB7V58" failures="0" tests="6" name="Test" time="26.734" errors="0" timestamp="2024-04-29T13:56:18 IST">
  <testcase classname="genericLib.BaseClass" name="@BeforeMethod userLogin" time="0.001">
    <failure type="java.lang.NullPointerException" message="Cannot invoke &amp;quot;org.openqa.selenium.WebDriver.manage()&amp;quot; because &amp;quot;this.driver&amp;quot; is null">
      <![CDATA[java.lang.NullPointerException: Cannot invoke "org.openqa.selenium.WebDriver.manage()" because "this.driver" is null
at genericLib.BaseClass.userLogin(BaseClass.java:60)
at java.base/java.util.ArrayList.forEach(ArrayList.java:1511)
... Removed 31 stack frames]]>
    </failure>
  </testcase> <!-- @BeforeMethod userLogin -->
  <testcase classname="genericLib.BaseClass" name="@AfterMethod userLogout" time="-1.714379177581E9">
    <skipped/>
  </testcase> <!-- @AfterMethod userLogout -->
  <testcase classname="genericLib.BaseClass" name="@BeforeMethod userLogin" time="0.0">
    <failure type="java.lang.NullPointerException" message="Cannot invoke &amp;quot;org.openqa.selenium.WebDriver.manage()&amp;quot; because &amp;quot;this.driver&amp;quot; is null">
      <![CDATA[java.lang.NullPointerException: Cannot invoke "org.openqa.selenium.WebDriver.manage()" because "this.driver" is null
at genericLib.BaseClass.userLogin(BaseClass.java:60)
at java.base/java.util.ArrayList.forEach(ArrayList.java:1511)
... Removed 31 stack frames]]>
    </failure>
  </testcase> <!-- @BeforeMethod userLogin -->
  <testcase classname="genericLib.BaseClass" name="@AfterMethod userLogout" time="-1.714379177639E9">
    <skipped/>
  </testcase> <!-- @AfterMethod userLogout -->
  <testcase classname="genericLib.BaseClass" name="@BeforeMethod userLogin" time="0.0">
    <failure type="java.lang.NullPointerException" message="Cannot invoke &amp;quot;org.openqa.selenium.WebDriver.manage()&amp;quot; because &amp;quot;this.driver&amp;quot; is null">
      <![CDATA[java.lang.NullPointerException: Cannot invoke "org.openqa.selenium.WebDriver.manage()" because "this.driver" is null
at genericLib.BaseClass.userLogin(BaseClass.java:60)
at java.base/java.util.ArrayList.forEach(ArrayList.java:1511)
... Removed 31 stack frames]]>
    </failure>
  </testcase> <!-- @BeforeMethod userLogin -->
  <testcase classname="genericLib.BaseClass" name="@AfterMethod userLogout" time="-1.714379177748E9">
    <skipped/>
  </testcase> <!-- @AfterMethod userLogout -->
  <testcase classname="genericLib.BaseClass" name="@BeforeMethod userLogin" time="0.001">
    <failure type="java.lang.NullPointerException" message="Cannot invoke &amp;quot;org.openqa.selenium.WebDriver.manage()&amp;quot; because &amp;quot;this.driver&amp;quot; is null">
      <![CDATA[java.lang.NullPointerException: Cannot invoke "org.openqa.selenium.WebDriver.manage()" because "this.driver" is null
at genericLib.BaseClass.userLogin(BaseClass.java:60)
at java.base/java.util.ArrayList.forEach(ArrayList.java:1511)
... Removed 31 stack frames]]>
    </failure>
  </testcase> <!-- @BeforeMethod userLogin -->
  <testcase classname="genericLib.BaseClass" name="@AfterMethod userLogout" time="-1.71437917785E9">
    <skipped/>
  </testcase> <!-- @AfterMethod userLogout -->
  <testcase classname="genericLib.BaseClass" name="@BeforeMethod userLogin" time="0.0">
    <failure type="java.lang.NullPointerException" message="Cannot invoke &amp;quot;org.openqa.selenium.WebDriver.manage()&amp;quot; because &amp;quot;this.driver&amp;quot; is null">
      <![CDATA[java.lang.NullPointerException: Cannot invoke "org.openqa.selenium.WebDriver.manage()" because "this.driver" is null
at genericLib.BaseClass.userLogin(BaseClass.java:60)
at java.base/java.util.ArrayList.forEach(ArrayList.java:1511)
... Removed 31 stack frames]]>
    </failure>
  </testcase> <!-- @BeforeMethod userLogin -->
  <testcase classname="genericLib.BaseClass" name="@AfterMethod userLogout" time="-1.714379177873E9">
    <skipped/>
  </testcase> <!-- @AfterMethod userLogout -->
  <testcase classname="IT.TC_007_CartItem_Test" name="valiadteThatUserIsAbleToAddItemInCart" time="8.661"/>
  <testcase classname="IT.TC_008_ItemInSort_Test" name="validateUserIsAbleToSortTheProducts" time="0.0">
    <skipped/>
  </testcase> <!-- validateUserIsAbleToSortTheProducts -->
  <testcase classname="IT.TC_009_SearchedItem_Test" name="validateThatUserIsAbleToGetSearchPage" time="0.0">
    <skipped/>
  </testcase> <!-- validateThatUserIsAbleToGetSearchPage -->
  <testcase classname="IT.TC_010_FilterProduct_Test" name="valiadteThatUserIsAbleToGetFilteredItem" time="0.0">
    <skipped/>
  </testcase> <!-- valiadteThatUserIsAbleToGetFilteredItem -->
  <testcase classname="IT.TC_011_RemoveFilter_Test" name="valiadteThatUserIsAbleToGetUnFilteredPage" time="0.0">
    <skipped/>
  </testcase> <!-- valiadteThatUserIsAbleToGetUnFilteredPage -->
  <testcase classname="IT.TC_012_Account_Test" name="valiadteThatUserIsAbleToGetAccountByEmail" time="0.0">
    <skipped/>
  </testcase> <!-- valiadteThatUserIsAbleToGetAccountByEmail -->
  <testcase classname="genericLib.BaseClass" name="@BeforeSuite beforeSuite" time="0.0">
    <ignored/>
  </testcase> <!-- @BeforeSuite beforeSuite -->
  <testcase classname="genericLib.BaseClass" name="@BeforeSuite beforeSuite" time="0.0">
    <ignored/>
  </testcase> <!-- @BeforeSuite beforeSuite -->
  <testcase classname="genericLib.BaseClass" name="@BeforeSuite beforeSuite" time="0.0">
    <ignored/>
  </testcase> <!-- @BeforeSuite beforeSuite -->
  <testcase classname="genericLib.BaseClass" name="@BeforeSuite beforeSuite" time="0.0">
    <ignored/>
  </testcase> <!-- @BeforeSuite beforeSuite -->
  <testcase classname="genericLib.BaseClass" name="@BeforeSuite beforeSuite" time="0.0">
    <ignored/>
  </testcase> <!-- @BeforeSuite beforeSuite -->
  <testcase classname="genericLib.BaseClass" name="@AfterTest tearDownBrowser" time="0.0">
    <ignored/>
  </testcase> <!-- @AfterTest tearDownBrowser -->
  <testcase classname="genericLib.BaseClass" name="@AfterTest tearDownBrowser" time="0.0">
    <ignored/>
  </testcase> <!-- @AfterTest tearDownBrowser -->
  <testcase classname="genericLib.BaseClass" name="@AfterTest tearDownBrowser" time="0.0">
    <ignored/>
  </testcase> <!-- @AfterTest tearDownBrowser -->
  <testcase classname="genericLib.BaseClass" name="@AfterTest tearDownBrowser" time="0.0">
    <ignored/>
  </testcase> <!-- @AfterTest tearDownBrowser -->
  <testcase classname="genericLib.BaseClass" name="@AfterTest tearDownBrowser" time="0.0">
    <ignored/>
  </testcase> <!-- @AfterTest tearDownBrowser -->
  <testcase classname="genericLib.BaseClass" name="@BeforeTest browserSetUp" time="0.0">
    <ignored/>
  </testcase> <!-- @BeforeTest browserSetUp -->
  <testcase classname="genericLib.BaseClass" name="@BeforeTest browserSetUp" time="0.0">
    <ignored/>
  </testcase> <!-- @BeforeTest browserSetUp -->
  <testcase classname="genericLib.BaseClass" name="@BeforeTest browserSetUp" time="0.0">
    <ignored/>
  </testcase> <!-- @BeforeTest browserSetUp -->
  <testcase classname="genericLib.BaseClass" name="@BeforeTest browserSetUp" time="0.0">
    <ignored/>
  </testcase> <!-- @BeforeTest browserSetUp -->
  <testcase classname="genericLib.BaseClass" name="@BeforeTest browserSetUp" time="0.0">
    <ignored/>
  </testcase> <!-- @BeforeTest browserSetUp -->
  <testcase classname="genericLib.BaseClass" name="@AfterSuite afterSuite" time="0.0">
    <ignored/>
  </testcase> <!-- @AfterSuite afterSuite -->
  <testcase classname="genericLib.BaseClass" name="@AfterSuite afterSuite" time="0.0">
    <ignored/>
  </testcase> <!-- @AfterSuite afterSuite -->
  <testcase classname="genericLib.BaseClass" name="@AfterSuite afterSuite" time="0.0">
    <ignored/>
  </testcase> <!-- @AfterSuite afterSuite -->
  <testcase classname="genericLib.BaseClass" name="@AfterSuite afterSuite" time="0.0">
    <ignored/>
  </testcase> <!-- @AfterSuite afterSuite -->
  <testcase classname="genericLib.BaseClass" name="@AfterSuite afterSuite" time="0.0">
    <ignored/>
  </testcase> <!-- @AfterSuite afterSuite -->
</testsuite> <!-- Test -->
